<?xml version="1.0" encoding="UTF-8"?>
<!-- Generated by org.testng.reporters.JUnitReportReporter -->
<testsuite hostname="DESKTOP-5PGD9M5" failures="0" tests="1" name="testcase.Demowebshop" time="26.551" errors="0" timestamp="2020-10-14T10:58:06 IST" skipped="0">
  <testcase classname="testcase.Demowebshop" name="bookPurchasing" time="26.551"/>
  <system-out/>
</testsuite> <!-- testcase.Demowebshop -->
